#-----------------------------------------------------------
# Vivado v2018.2 (64-bit)
# SW Build 2258646 on Thu Jun 14 20:03:12 MDT 2018
# IP Build 2256618 on Thu Jun 14 22:10:49 MDT 2018
# Start of session at: Fri Apr 21 10:04:56 2023
# Process ID: 3692
# Current directory: C:/Users/manis/Desktop/Verilog/Behavioral_Modeling/fsm_110_101
# Command line: vivado.exe -gui_launcher_event rodinguilauncherevent12252 C:\Users\manis\Desktop\Verilog\Behavioral_Modeling\fsm_110_101\fsm_110_101.xpr
# Log file: C:/Users/manis/Desktop/Verilog/Behavioral_Modeling/fsm_110_101/vivado.log
# Journal file: C:/Users/manis/Desktop/Verilog/Behavioral_Modeling/fsm_110_101\vivado.jou
#-----------------------------------------------------------
start_gui
open_project C:/Users/manis/Desktop/Verilog/Behavioral_Modeling/fsm_110_101/fsm_110_101.xpr
Scanning sources...
Finished scanning sources
INFO: [IP_Flow 19-234] Refreshing IP repositories
INFO: [IP_Flow 19-1704] No user IP repositories specified
INFO: [IP_Flow 19-2313] Loaded Vivado IP repository 'C:/Xilinx2018/Vivado/2018.2/data/ip'.
open_project: Time (s): cpu = 00:00:20 ; elapsed = 00:00:11 . Memory (MB): peak = 779.922 ; gain = 120.012
update_compile_order -fileset sources_1
exit
INFO: [Common 17-206] Exiting Vivado at Fri Apr 21 10:08:15 2023...
