Copyright 1986-2018 Xilinx, Inc. All Rights Reserved.
--------------------------------------------------------------------------------------------
| Tool Version : Vivado v.2018.1 (win64) Build 2188600 Wed Apr  4 18:40:38 MDT 2018
| Date         : Thu Jun 25 14:09:43 2026
| Host         : Preeti running 64-bit major release  (build 9200)
| Command      : report_control_sets -verbose -file axi_des_wrapper_control_sets_placed.rpt
| Design       : axi_des_wrapper
| Device       : xc7z020
--------------------------------------------------------------------------------------------

Control Set Information

Table of Contents
-----------------
1. Summary
2. Histogram
3. Flip-Flop Distribution
4. Detailed Control Set Information

1. Summary
----------

+----------------------------------------------------------+-------+
|                          Status                          | Count |
+----------------------------------------------------------+-------+
| Number of unique control sets                            |    45 |
| Unused register locations in slices containing registers |   109 |
+----------------------------------------------------------+-------+


2. Histogram
------------

+--------+--------------+
| Fanout | Control Sets |
+--------+--------------+
|      2 |            1 |
|      4 |           10 |
|      5 |            1 |
|      6 |            1 |
|      8 |            4 |
|      9 |            2 |
|     11 |            1 |
|     12 |            4 |
|     13 |            1 |
|     14 |            2 |
|    16+ |           18 |
+--------+--------------+


3. Flip-Flop Distribution
-------------------------

+--------------+-----------------------+------------------------+-----------------+--------------+
| Clock Enable | Synchronous Set/Reset | Asynchronous Set/Reset | Total Registers | Total Slices |
+--------------+-----------------------+------------------------+-----------------+--------------+
| No           | No                    | No                     |             175 |           60 |
| No           | No                    | Yes                    |               0 |            0 |
| No           | Yes                   | No                     |             156 |           45 |
| Yes          | No                    | No                     |             469 |          112 |
| Yes          | No                    | Yes                    |               0 |            0 |
| Yes          | Yes                   | No                     |              99 |           23 |
+--------------+-----------------------+------------------------+-----------------+--------------+


4. Detailed Control Set Information
-----------------------------------

+------------------------------------------------+---------------------------------------------------------------------------------------------------------------------------------------------------------------+-------------------------------------------------------------------------------------------------------------------------------------------+------------------+----------------+
|                  Clock Signal                  |                                                                         Enable Signal                                                                         |                                                              Set/Reset Signal                                                             | Slice Load Count | Bel Load Count |
+------------------------------------------------+---------------------------------------------------------------------------------------------------------------------------------------------------------------+-------------------------------------------------------------------------------------------------------------------------------------------+------------------+----------------+
|  axi_des_i/processing_system7_0/inst/FCLK_CLK0 | axi_des_i/ps7_0_axi_periph/s00_couplers/auto_pc/inst/gen_axilite.gen_b2s_conv.axilite_b2s/WR.b_channel_0/bid_fifo_0/bresp_push                                |                                                                                                                                           |                1 |              2 |
|  axi_des_i/processing_system7_0/inst/FCLK_CLK0 |                                                                                                                                                               | axi_des_i/axi_gpio_0/U0/AXI_LITE_IPIF_I/I_SLAVE_ATTACHMENT/clear                                                                          |                1 |              4 |
|  axi_des_i/processing_system7_0/inst/FCLK_CLK0 | axi_des_i/ps7_0_axi_periph/s00_couplers/auto_pc/inst/gen_axilite.gen_b2s_conv.axilite_b2s/WR.aw_channel_0/aw_cmd_fsm_0/axaddr_wrap_reg[11][0]                 | axi_des_i/ps7_0_axi_periph/s00_couplers/auto_pc/inst/gen_axilite.gen_b2s_conv.axilite_b2s/WR.aw_channel_0/aw_cmd_fsm_0/axlen_cnt_reg[7]_1 |                1 |              4 |
|  axi_des_i/processing_system7_0/inst/FCLK_CLK0 |                                                                                                                                                               | axi_des_i/axi_gpio_1/U0/AXI_LITE_IPIF_I/I_SLAVE_ATTACHMENT/clear                                                                          |                1 |              4 |
|  axi_des_i/processing_system7_0/inst/FCLK_CLK0 | axi_des_i/axi_gpio_0/U0/AXI_LITE_IPIF_I/I_SLAVE_ATTACHMENT/bus2ip_addr_i[8]_i_1_n_0                                                                           | axi_des_i/axi_gpio_0/U0/AXI_LITE_IPIF_I/I_SLAVE_ATTACHMENT/SR[0]                                                                          |                1 |              4 |
|  axi_des_i/processing_system7_0/inst/FCLK_CLK0 | axi_des_i/axi_gpio_0/U0/AXI_LITE_IPIF_I/I_SLAVE_ATTACHMENT/start2                                                                                             | axi_des_i/axi_gpio_0/U0/AXI_LITE_IPIF_I/I_SLAVE_ATTACHMENT/I_DECODER/cs_ce_clr                                                            |                1 |              4 |
|  axi_des_i/processing_system7_0/inst/FCLK_CLK0 | axi_des_i/axi_gpio_1/U0/AXI_LITE_IPIF_I/I_SLAVE_ATTACHMENT/bus2ip_addr_i[8]_i_1_n_0                                                                           | axi_des_i/axi_gpio_1/U0/AXI_LITE_IPIF_I/I_SLAVE_ATTACHMENT/SR[0]                                                                          |                1 |              4 |
|  axi_des_i/processing_system7_0/inst/FCLK_CLK0 | axi_des_i/ps7_0_axi_periph/s00_couplers/auto_pc/inst/gen_axilite.gen_b2s_conv.axilite_b2s/RD.ar_channel_0/ar_cmd_fsm_0/E[0]                                   | axi_des_i/ps7_0_axi_periph/s00_couplers/auto_pc/inst/gen_axilite.gen_b2s_conv.axilite_b2s/RD.ar_channel_0/ar_cmd_fsm_0/axlen_cnt_reg[7]   |                1 |              4 |
|  axi_des_i/processing_system7_0/inst/FCLK_CLK0 | axi_des_i/axi_gpio_1/U0/AXI_LITE_IPIF_I/I_SLAVE_ATTACHMENT/start2                                                                                             | axi_des_i/axi_gpio_1/U0/AXI_LITE_IPIF_I/I_SLAVE_ATTACHMENT/I_DECODER/cs_ce_clr                                                            |                1 |              4 |
|  axi_des_i/processing_system7_0/inst/FCLK_CLK0 |                                                                                                                                                               | axi_des_i/ps7_0_axi_periph/s00_couplers/auto_pc/inst/gen_axilite.gen_b2s_conv.axilite_b2s/SI_REG/aw.aw_pipe/s_ready_i_reg_0               |                2 |              4 |
|  axi_des_i/processing_system7_0/inst/FCLK_CLK0 |                                                                                                                                                               | axi_des_i/ps7_0_axi_periph/s00_couplers/auto_pc/inst/gen_axilite.gen_b2s_conv.axilite_b2s/SI_REG/ar.ar_pipe/m_valid_i_reg_0               |                2 |              4 |
|  axi_des_i/processing_system7_0/inst/FCLK_CLK0 |                                                                                                                                                               | axi_des_i/rst_ps7_0_100M/U0/EXT_LPF/lpf_int                                                                                               |                3 |              5 |
|  axi_des_i/processing_system7_0/inst/FCLK_CLK0 | axi_des_i/rst_ps7_0_100M/U0/SEQ/seq_cnt_en                                                                                                                    | axi_des_i/rst_ps7_0_100M/U0/SEQ/SEQ_COUNTER/clear                                                                                         |                1 |              6 |
|  axi_des_i/processing_system7_0/inst/FCLK_CLK0 |                                                                                                                                                               | axi_des_i/axi_gpio_1/U0/AXI_LITE_IPIF_I/I_SLAVE_ATTACHMENT/I_DECODER/Not_Dual.ALLIN1_ND.READ_REG_GEN[0].reg1_reg[24]                      |                4 |              8 |
|  axi_des_i/processing_system7_0/inst/FCLK_CLK0 |                                                                                                                                                               | axi_des_i/axi_gpio_0/U0/gpio_core_1/Read_Reg_Rst__0                                                                                       |                1 |              8 |
|  axi_des_i/processing_system7_0/inst/FCLK_CLK0 | axi_des_i/axi_gpio_1/U0/AXI_LITE_IPIF_I/I_SLAVE_ATTACHMENT/I_DECODER/Not_Dual.gpio_OE_reg[0][0]                                                               | axi_des_i/axi_gpio_1/U0/AXI_LITE_IPIF_I/I_SLAVE_ATTACHMENT/SR[0]                                                                          |                2 |              8 |
|  axi_des_i/processing_system7_0/inst/FCLK_CLK0 | axi_des_i/ps7_0_axi_periph/s00_couplers/auto_pc/inst/gen_axilite.gen_b2s_conv.axilite_b2s/WR.b_channel_0/mhandshake_r                                         | axi_des_i/ps7_0_axi_periph/s00_couplers/auto_pc/inst/gen_axilite.gen_b2s_conv.axilite_b2s/WR.b_channel_0/bid_fifo_0/SR[0]                 |                3 |              8 |
|  axi_des_i/processing_system7_0/inst/FCLK_CLK0 | axi_des_i/axi_gpio_1/U0/AXI_LITE_IPIF_I/I_SLAVE_ATTACHMENT/s_axi_rresp_i                                                                                      | axi_des_i/axi_gpio_1/U0/AXI_LITE_IPIF_I/I_SLAVE_ATTACHMENT/SR[0]                                                                          |                2 |              9 |
|  axi_des_i/processing_system7_0/inst/FCLK_CLK0 | axi_des_i/axi_gpio_0/U0/AXI_LITE_IPIF_I/I_SLAVE_ATTACHMENT/s_axi_rresp_i                                                                                      | axi_des_i/axi_gpio_0/U0/AXI_LITE_IPIF_I/I_SLAVE_ATTACHMENT/SR[0]                                                                          |                2 |              9 |
|  axi_des_i/processing_system7_0/inst/FCLK_CLK0 |                                                                                                                                                               | axi_des_i/ps7_0_axi_periph/xbar/inst/gen_sasd.crossbar_sasd_0/addr_arbiter_inst/SR[0]                                                     |                3 |             11 |
|  axi_des_i/processing_system7_0/inst/FCLK_CLK0 | axi_des_i/ps7_0_axi_periph/s00_couplers/auto_pc/inst/gen_axilite.gen_b2s_conv.axilite_b2s/RD.ar_channel_0/ar_cmd_fsm_0/axaddr_incr_reg[0][0]                  |                                                                                                                                           |                2 |             12 |
|  axi_des_i/processing_system7_0/inst/FCLK_CLK0 | axi_des_i/ps7_0_axi_periph/s00_couplers/auto_pc/inst/gen_axilite.gen_b2s_conv.axilite_b2s/RD.ar_channel_0/ar_cmd_fsm_0/wrap_boundary_axaddr_r_reg[11][0]      |                                                                                                                                           |                7 |             12 |
|  axi_des_i/processing_system7_0/inst/FCLK_CLK0 | axi_des_i/ps7_0_axi_periph/s00_couplers/auto_pc/inst/gen_axilite.gen_b2s_conv.axilite_b2s/WR.aw_channel_0/cmd_translator_0/incr_cmd_0/axaddr_incr[11]_i_1_n_0 |                                                                                                                                           |                2 |             12 |
|  axi_des_i/processing_system7_0/inst/FCLK_CLK0 | axi_des_i/ps7_0_axi_periph/s00_couplers/auto_pc/inst/gen_axilite.gen_b2s_conv.axilite_b2s/WR.aw_channel_0/aw_cmd_fsm_0/E[0]                                   |                                                                                                                                           |                6 |             12 |
|  axi_des_i/processing_system7_0/inst/FCLK_CLK0 | axi_des_i/ps7_0_axi_periph/s00_couplers/auto_pc/inst/gen_axilite.gen_b2s_conv.axilite_b2s/RD.r_channel_0/r_push_r                                             |                                                                                                                                           |                4 |             13 |
|  axi_des_i/processing_system7_0/inst/FCLK_CLK0 | axi_des_i/ps7_0_axi_periph/s00_couplers/auto_pc/inst/gen_axilite.gen_b2s_conv.axilite_b2s/SI_REG/b.b_pipe/p_1_in                                              |                                                                                                                                           |                2 |             14 |
|  axi_des_i/processing_system7_0/inst/FCLK_CLK0 | axi_des_i/ps7_0_axi_periph/s00_couplers/auto_pc/inst/gen_axilite.gen_b2s_conv.axilite_b2s/SI_REG/b.b_pipe/skid_buffer_reg[0]_0                                |                                                                                                                                           |                2 |             14 |
|  axi_des_i/processing_system7_0/inst/FCLK_CLK0 | axi_des_i/axi_gpio_0/U0/AXI_LITE_IPIF_I/I_SLAVE_ATTACHMENT/I_DECODER/E[0]                                                                                     | axi_des_i/axi_gpio_0/U0/AXI_LITE_IPIF_I/I_SLAVE_ATTACHMENT/SR[0]                                                                          |                2 |             16 |
|  axi_des_i/processing_system7_0/inst/FCLK_CLK0 | axi_des_i/ps7_0_axi_periph/s00_couplers/auto_pc/inst/gen_axilite.gen_b2s_conv.axilite_b2s/WR.aw_channel_0/aw_cmd_fsm_0/b_push                                 |                                                                                                                                           |                3 |             16 |
|  axi_des_i/processing_system7_0/inst/FCLK_CLK0 | axi_des_i/ps7_0_axi_periph/xbar/inst/gen_sasd.crossbar_sasd_0/addr_arbiter_inst/p_0_in1_in                                                                    | axi_des_i/ps7_0_axi_periph/xbar/inst/gen_sasd.crossbar_sasd_0/addr_arbiter_inst/SR[0]                                                     |                5 |             19 |
|  axi_des_i/processing_system7_0/inst/FCLK_CLK0 | axi_des_i/ps7_0_axi_periph/s00_couplers/auto_pc/inst/gen_axilite.gen_b2s_conv.axilite_b2s/RD.ar_channel_0/ar_cmd_fsm_0/E[0]                                   |                                                                                                                                           |                8 |             20 |
|  axi_des_i/processing_system7_0/inst/FCLK_CLK0 | axi_des_i/ps7_0_axi_periph/s00_couplers/auto_pc/inst/gen_axilite.gen_b2s_conv.axilite_b2s/WR.aw_channel_0/aw_cmd_fsm_0/axaddr_wrap_reg[11][0]                 |                                                                                                                                           |                9 |             20 |
|  axi_des_i/processing_system7_0/inst/FCLK_CLK0 |                                                                                                                                                               | axi_des_i/axi_gpio_1/U0/AXI_LITE_IPIF_I/I_SLAVE_ATTACHMENT/SR[0]                                                                          |                8 |             24 |
|  axi_des_i/processing_system7_0/inst/FCLK_CLK0 |                                                                                                                                                               | axi_des_i/axi_gpio_0/U0/AXI_LITE_IPIF_I/I_SLAVE_ATTACHMENT/SR[0]                                                                          |                7 |             24 |
|  axi_des_i/processing_system7_0/inst/FCLK_CLK0 | axi_des_i/ps7_0_axi_periph/xbar/inst/gen_sasd.crossbar_sasd_0/reg_slice_r/aa_rready                                                                           |                                                                                                                                           |                9 |             32 |
|  axi_des_i/processing_system7_0/inst/FCLK_CLK0 | axi_des_i/ps7_0_axi_periph/s00_couplers/auto_pc/inst/gen_axilite.gen_b2s_conv.axilite_b2s/RD.r_channel_0/rd_data_fifo_0/wr_en0                                |                                                                                                                                           |                9 |             34 |
|  axi_des_i/processing_system7_0/inst/FCLK_CLK0 | axi_des_i/ps7_0_axi_periph/xbar/inst/gen_sasd.crossbar_sasd_0/addr_arbiter_inst/E[0]                                                                          |                                                                                                                                           |                9 |             35 |
|  axi_des_i/processing_system7_0/inst/FCLK_CLK0 | axi_des_i/ps7_0_axi_periph/s00_couplers/auto_pc/inst/gen_axilite.gen_b2s_conv.axilite_b2s/SI_REG/r.r_pipe/skid_buffer_reg[0]_0                                |                                                                                                                                           |                9 |             47 |
|  axi_des_i/processing_system7_0/inst/FCLK_CLK0 | axi_des_i/ps7_0_axi_periph/s00_couplers/auto_pc/inst/gen_axilite.gen_b2s_conv.axilite_b2s/SI_REG/r.r_pipe/p_1_in                                              |                                                                                                                                           |                7 |             47 |
|  axi_des_i/processing_system7_0/inst/FCLK_CLK0 | axi_des_i/ps7_0_axi_periph/s00_couplers/auto_pc/inst/gen_axilite.gen_b2s_conv.axilite_b2s/RD.ar_channel_0/ar_cmd_fsm_0/m_payload_i_reg[0]_1[0]                |                                                                                                                                           |               12 |             48 |
|  axi_des_i/processing_system7_0/inst/FCLK_CLK0 | axi_des_i/ps7_0_axi_periph/s00_couplers/auto_pc/inst/gen_axilite.gen_b2s_conv.axilite_b2s/SI_REG/aw.aw_pipe/skid_buffer_reg[0]_0                              |                                                                                                                                           |                9 |             48 |
|  axi_des_i/processing_system7_0/inst/FCLK_CLK0 | axi_des_i/ps7_0_axi_periph/s00_couplers/auto_pc/inst/gen_axilite.gen_b2s_conv.axilite_b2s/WR.aw_channel_0/aw_cmd_fsm_0/m_payload_i_reg[0][0]                  |                                                                                                                                           |                8 |             48 |
|  axi_des_i/processing_system7_0/inst/FCLK_CLK0 | axi_des_i/ps7_0_axi_periph/s00_couplers/auto_pc/inst/gen_axilite.gen_b2s_conv.axilite_b2s/SI_REG/ar.ar_pipe/skid_buffer_reg[0]_0                              |                                                                                                                                           |               11 |             48 |
|  axi_des_i/processing_system7_0/inst/FCLK_CLK0 |                                                                                                                                                               | axi_des_i/ps7_0_axi_periph/s00_couplers/auto_pc/inst/gen_axilite.gen_b2s_conv.axilite_b2s/areset_d1                                       |               13 |             60 |
|  axi_des_i/processing_system7_0/inst/FCLK_CLK0 |                                                                                                                                                               |                                                                                                                                           |               61 |            176 |
+------------------------------------------------+---------------------------------------------------------------------------------------------------------------------------------------------------------------+-------------------------------------------------------------------------------------------------------------------------------------------+------------------+----------------+


