Vivado Simulator 2018.2
Time resolution is 1 ps
                   0clk=0, d=0, z=0
                   6clk=1, d=0, z=0
                   7clk=1, d=1, z=0
                  12clk=0, d=1, z=0
                  14clk=0, d=0, z=0
                  18clk=1, d=0, z=0
                  21clk=1, d=1, z=0
                  24clk=0, d=1, z=0
                  28clk=0, d=0, z=0
                  30clk=1, d=0, z=0
                  35clk=1, d=1, z=0
                  36clk=0, d=1, z=0
                  42clk=1, d=0, z=0
                  48clk=0, d=0, z=0
                  49clk=0, d=1, z=0
                  54clk=1, d=1, z=0
                  56clk=1, d=0, z=0
                  60clk=0, d=0, z=0
                  63clk=0, d=1, z=0
                  66clk=1, d=1, z=0
                  70clk=1, d=0, z=0
                  72clk=0, d=0, z=0
                  77clk=0, d=1, z=0
                  78clk=1, d=1, z=0
                  84clk=0, d=0, z=0
                  90clk=1, d=0, z=0
                  91clk=1, d=1, z=0
                  96clk=0, d=1, z=0
                  98clk=0, d=0, z=0
                 102clk=1, d=0, z=0
                 105clk=1, d=1, z=0
                 108clk=0, d=1, z=0
                 112clk=0, d=0, z=0
                 114clk=1, d=0, z=0
                 119clk=1, d=1, z=0
                 120clk=0, d=1, z=0
                 126clk=1, d=0, z=0
                 132clk=0, d=0, z=0
                 133clk=0, d=1, z=0
                 138clk=1, d=1, z=0
                 140clk=1, d=0, z=0
                 144clk=0, d=0, z=0
                 147clk=0, d=1, z=0
                 150clk=1, d=1, z=0
                 154clk=1, d=0, z=0
                 156clk=0, d=0, z=0
                 161clk=0, d=1, z=0
                 162clk=1, d=1, z=0
                 168clk=0, d=0, z=0
                 174clk=1, d=0, z=0
                 175clk=1, d=1, z=0
                 180clk=0, d=1, z=0
                 182clk=0, d=0, z=0
                 186clk=1, d=0, z=0
                 189clk=1, d=1, z=0
                 192clk=0, d=1, z=0
                 196clk=0, d=0, z=0
                 198clk=1, d=0, z=0
                 203clk=1, d=1, z=0
                 204clk=0, d=1, z=0
                 210clk=1, d=0, z=0
                 216clk=0, d=0, z=0
                 217clk=0, d=1, z=0
                 222clk=1, d=1, z=0
                 224clk=1, d=0, z=0
                 228clk=0, d=0, z=0
                 231clk=0, d=1, z=0
                 234clk=1, d=1, z=0
                 238clk=1, d=0, z=0
                 240clk=0, d=0, z=0
                 245clk=0, d=1, z=0
                 246clk=1, d=1, z=0
                 252clk=0, d=0, z=0
                 258clk=1, d=0, z=0
                 259clk=1, d=1, z=0
                 264clk=0, d=1, z=0
                 266clk=0, d=0, z=0
                 270clk=1, d=0, z=0
                 273clk=1, d=1, z=0
                 276clk=0, d=1, z=0
                 280clk=0, d=0, z=0
                 282clk=1, d=0, z=0
                 287clk=1, d=1, z=0
                 288clk=0, d=1, z=0
                 294clk=1, d=0, z=0
                 300clk=0, d=0, z=0
                 301clk=0, d=1, z=0
                 306clk=1, d=1, z=0
                 308clk=1, d=0, z=0
                 312clk=0, d=0, z=0
                 315clk=0, d=1, z=0
                 318clk=1, d=1, z=0
                 322clk=1, d=0, z=0
                 324clk=0, d=0, z=0
                 329clk=0, d=1, z=0
                 330clk=1, d=1, z=0
                 336clk=0, d=0, z=0
                 342clk=1, d=0, z=0
                 343clk=1, d=1, z=0
                 348clk=0, d=1, z=0
                 350clk=0, d=0, z=0
                 354clk=1, d=0, z=0
                 357clk=1, d=1, z=0
                 360clk=0, d=1, z=0
                 364clk=0, d=0, z=0
                 366clk=1, d=0, z=0
                 371clk=1, d=1, z=0
                 372clk=0, d=1, z=0
                 378clk=1, d=0, z=0
                 384clk=0, d=0, z=0
                 385clk=0, d=1, z=0
                 390clk=1, d=1, z=0
                 392clk=1, d=0, z=0
                 396clk=0, d=0, z=0
                 399clk=0, d=1, z=0
                 402clk=1, d=1, z=0
                 406clk=1, d=0, z=0
                 408clk=0, d=0, z=0
                 413clk=0, d=1, z=0
                 414clk=1, d=1, z=0
                 420clk=0, d=0, z=0
                 426clk=1, d=0, z=0
                 427clk=1, d=1, z=0
                 432clk=0, d=1, z=0
                 434clk=0, d=0, z=0
                 438clk=1, d=0, z=0
                 441clk=1, d=1, z=0
                 444clk=0, d=1, z=0
                 448clk=0, d=0, z=0
                 450clk=1, d=0, z=0
                 455clk=1, d=1, z=0
                 456clk=0, d=1, z=0
                 462clk=1, d=0, z=0
                 468clk=0, d=0, z=0
                 469clk=0, d=1, z=0
                 474clk=1, d=1, z=0
                 476clk=1, d=0, z=0
                 480clk=0, d=0, z=0
                 483clk=0, d=1, z=0
                 486clk=1, d=1, z=0
                 490clk=1, d=0, z=0
                 492clk=0, d=0, z=0
                 497clk=0, d=1, z=0
                 498clk=1, d=1, z=0
                 504clk=0, d=0, z=0
                 510clk=1, d=0, z=0
                 511clk=1, d=1, z=0
                 516clk=0, d=1, z=0
                 518clk=0, d=0, z=0
                 522clk=1, d=0, z=0
                 525clk=1, d=1, z=0
                 528clk=0, d=1, z=0
                 532clk=0, d=0, z=0
                 534clk=1, d=0, z=0
                 539clk=1, d=1, z=0
                 540clk=0, d=1, z=0
                 546clk=1, d=0, z=0
                 552clk=0, d=0, z=0
                 553clk=0, d=1, z=0
                 558clk=1, d=1, z=0
                 560clk=1, d=0, z=0
                 564clk=0, d=0, z=0
                 567clk=0, d=1, z=0
                 570clk=1, d=1, z=0
                 574clk=1, d=0, z=0
                 576clk=0, d=0, z=0
                 581clk=0, d=1, z=0
                 582clk=1, d=1, z=0
                 588clk=0, d=0, z=0
                 594clk=1, d=0, z=0
                 595clk=1, d=1, z=0
                 600clk=0, d=1, z=0
                 602clk=0, d=0, z=0
                 606clk=1, d=0, z=0
                 609clk=1, d=1, z=0
                 612clk=0, d=1, z=0
                 616clk=0, d=0, z=0
                 618clk=1, d=0, z=0
                 623clk=1, d=1, z=0
                 624clk=0, d=1, z=0
                 630clk=1, d=0, z=0
                 636clk=0, d=0, z=0
                 637clk=0, d=1, z=0
                 642clk=1, d=1, z=0
                 644clk=1, d=0, z=0
                 648clk=0, d=0, z=0
                 651clk=0, d=1, z=0
                 654clk=1, d=1, z=0
                 658clk=1, d=0, z=0
                 660clk=0, d=0, z=0
                 665clk=0, d=1, z=0
                 666clk=1, d=1, z=0
                 672clk=0, d=0, z=0
                 678clk=1, d=0, z=0
                 679clk=1, d=1, z=0
                 684clk=0, d=1, z=0
                 686clk=0, d=0, z=0
                 690clk=1, d=0, z=0
                 693clk=1, d=1, z=0
                 696clk=0, d=1, z=0
                 700clk=0, d=0, z=0
                 702clk=1, d=0, z=0
                 707clk=1, d=1, z=0
                 708clk=0, d=1, z=0
                 714clk=1, d=0, z=0
                 720clk=0, d=0, z=0
                 721clk=0, d=1, z=0
                 726clk=1, d=1, z=0
                 728clk=1, d=0, z=0
                 732clk=0, d=0, z=0
                 735clk=0, d=1, z=0
                 738clk=1, d=1, z=0
                 742clk=1, d=0, z=0
                 744clk=0, d=0, z=0
                 749clk=0, d=1, z=0
                 750clk=1, d=1, z=0
                 756clk=0, d=0, z=0
                 762clk=1, d=0, z=0
                 763clk=1, d=1, z=0
                 768clk=0, d=1, z=0
                 770clk=0, d=0, z=0
                 774clk=1, d=0, z=0
                 777clk=1, d=1, z=0
                 780clk=0, d=1, z=0
                 784clk=0, d=0, z=0
                 786clk=1, d=0, z=0
                 791clk=1, d=1, z=0
                 792clk=0, d=1, z=0
                 798clk=1, d=0, z=0
                 804clk=0, d=0, z=0
                 805clk=0, d=1, z=0
                 810clk=1, d=1, z=0
                 812clk=1, d=0, z=0
                 816clk=0, d=0, z=0
                 819clk=0, d=1, z=0
                 822clk=1, d=1, z=0
                 826clk=1, d=0, z=0
                 828clk=0, d=0, z=0
                 833clk=0, d=1, z=0
                 834clk=1, d=1, z=0
                 840clk=0, d=0, z=0
                 846clk=1, d=0, z=0
                 847clk=1, d=1, z=0
                 852clk=0, d=1, z=0
                 854clk=0, d=0, z=0
                 858clk=1, d=0, z=0
                 861clk=1, d=1, z=0
                 864clk=0, d=1, z=0
                 868clk=0, d=0, z=0
                 870clk=1, d=0, z=0
                 875clk=1, d=1, z=0
                 876clk=0, d=1, z=0
                 882clk=1, d=0, z=0
                 888clk=0, d=0, z=0
                 889clk=0, d=1, z=0
                 894clk=1, d=1, z=0
                 896clk=1, d=0, z=0
                 900clk=0, d=0, z=0
                 903clk=0, d=1, z=0
                 906clk=1, d=1, z=0
                 910clk=1, d=0, z=0
                 912clk=0, d=0, z=0
                 917clk=0, d=1, z=0
                 918clk=1, d=1, z=0
                 924clk=0, d=0, z=0
                 930clk=1, d=0, z=0
                 931clk=1, d=1, z=0
                 936clk=0, d=1, z=0
                 938clk=0, d=0, z=0
                 942clk=1, d=0, z=0
                 945clk=1, d=1, z=0
                 948clk=0, d=1, z=0
                 952clk=0, d=0, z=0
                 954clk=1, d=0, z=0
                 959clk=1, d=1, z=0
                 960clk=0, d=1, z=0
                 966clk=1, d=0, z=0
                 972clk=0, d=0, z=0
                 973clk=0, d=1, z=0
                 978clk=1, d=1, z=0
                 980clk=1, d=0, z=0
                 984clk=0, d=0, z=0
                 987clk=0, d=1, z=0
                 990clk=1, d=1, z=0
                 994clk=1, d=0, z=0
                 996clk=0, d=0, z=0
