#-----------------------------------------------------------
# Vivado v2018.2 (64-bit)
# SW Build 2258646 on Thu Jun 14 20:03:12 MDT 2018
# IP Build 2256618 on Thu Jun 14 22:10:49 MDT 2018
# Start of session at: Wed Apr 12 16:29:52 2023
# Process ID: 5252
# Current directory: C:/Users/manis/Desktop/Verilog/mod_10_Asyn_synchronous_counter/mod_10_asynchronous_counter
# Command line: vivado.exe -gui_launcher_event rodinguilauncherevent8016 C:\Users\manis\Desktop\Verilog\mod_10_Asyn_synchronous_counter\mod_10_asynchronous_counter\mod_10_asynchronous_counter.xpr
# Log file: C:/Users/manis/Desktop/Verilog/mod_10_Asyn_synchronous_counter/mod_10_asynchronous_counter/vivado.log
# Journal file: C:/Users/manis/Desktop/Verilog/mod_10_Asyn_synchronous_counter/mod_10_asynchronous_counter\vivado.jou
#-----------------------------------------------------------
start_gui
open_project C:/Users/manis/Desktop/Verilog/mod_10_Asyn_synchronous_counter/mod_10_asynchronous_counter/mod_10_asynchronous_counter.xpr
INFO: [ProjectBase 1-489] The host OS only allows 260 characters in a normal path. The project is stored in a path with more than 80 characters. If you experience issues with IP, Block Designs, or files not being found, please consider moving the project to a location with a shorter path. Alternately consider using the OS subst command to map part of the path to a drive letter.
Current project path is 'C:/Users/manis/Desktop/Verilog/mod_10_Asyn_synchronous_counter/mod_10_asynchronous_counter'
INFO: [Project 1-313] Project file moved from 'C:/Users/manis/Desktop/Verilog/mod_10_synchronous_counter/mod_10_asynchronous_counter' since last save.
Scanning sources...
Finished scanning sources
INFO: [IP_Flow 19-234] Refreshing IP repositories
INFO: [IP_Flow 19-1704] No user IP repositories specified
INFO: [IP_Flow 19-2313] Loaded Vivado IP repository 'C:/Xilinx2018/Vivado/2018.2/data/ip'.
open_project: Time (s): cpu = 00:00:13 ; elapsed = 00:00:08 . Memory (MB): peak = 776.910 ; gain = 104.457
update_compile_order -fileset sources_1
exit
INFO: [Common 17-206] Exiting Vivado at Wed Apr 12 16:38:25 2023...
